#
# A fatal error has been detected by the Java Runtime Environment:
#
#  EXCEPTION_ACCESS_VIOLATION (0xc0000005) at pc=0x00007ffc5876cf71, pid=6412, tid=12524
#
# JRE version: Java(TM) SE Runtime Environment (16.0.1+9) (build 16.0.1+9-24)
# Java VM: Java HotSpot(TM) 64-Bit Server VM (16.0.1+9-24, mixed mode, sharing, tiered, compressed oops, compressed class ptrs, g1 gc, windows-amd64)
# Problematic frame:
# V  [jvm.dll+0x1acf71]
#
# No core dump will be written. Minidumps are not enabled by default on client versions of Windows
#
# If you would like to submit a bug report, please visit:
#   https://bugreport.java.com/bugreport/crash.jsp
#

---------------  S U M M A R Y ------------

Command Line: -ea -Dfile.encoding=Cp1252 -XX:+ShowCodeDetailsInExceptionMessages org.testng.remote.RemoteTestNG -serport 54905 -protocol json -d C:\Users\ABHINANDAN\eclipse-workspace\CS_Automation\SeleniumCSAutomation\test-output C:\Users\ABHINANDAN\eclipse-workspace\CS_Automation\SeleniumCSAutomation\src\test\resources\testrunners\testNG_SupplyPage.xml

Host: Intel(R) Core(TM) i5-2430M CPU @ 2.40GHz, 4 cores, 3G,  Windows 10 , 64 bit Build 19041 (10.0.19041.928)
Time: Mon Aug 23 18:10:26 2021 India Standard Time elapsed time: 78.341529 seconds (0d 0h 1m 18s)

---------------  T H R E A D  ---------------

Current thread (0x00000263a69804a0):  GCTaskThread "GC Thread#0" [stack: 0x00000071c5000000,0x00000071c5100000] [id=12524]

Stack: [0x00000071c5000000,0x00000071c5100000],  sp=0x00000071c50ff508,  free space=1021k
Native frames: (J=compiled Java code, j=interpreted, Vv=VM code, C=native code)
V  [jvm.dll+0x1acf71]


siginfo: EXCEPTION_ACCESS_VIOLATION (0xc0000005), reading address 0x00000000000000f0


Register to memory mapping:

RIP=0x00007ffc5876cf71 jvm.dll
RAX=0x0 is NULL
RBX=0x0000000000000001 is an unknown value
RCX=0x0000000800000000 is pointing into metadata
RDX=0x00000000c3071b58 is pointing into object: java.util.concurrent.ConcurrentHashMap 
{0x00000000c3071b40} - klass: 'java/util/concurrent/ConcurrentHashMap'
RSP=0x00000071c50ff508 points into unknown readable memory: 0x00007ffc588be124 | 24 e1 8b 58 fc 7f 00 00
RBP=0x00000071c50ff588 points into unknown readable memory: 0x0000000000000000 | 00 00 00 00 00 00 00 00
RSI=0x00000000c0f8282c is pointing into object: java.util.concurrent.ConcurrentHashMap$Node 
{0x00000000c0f82818} - klass: 'java/util/concurrent/ConcurrentHashMap$Node'
RDI=0x00000000c3071b58 is pointing into object: java.util.concurrent.ConcurrentHashMap 
{0x00000000c3071b40} - klass: 'java/util/concurrent/ConcurrentHashMap'
R8 =0x0 is NULL
R9 =0x0000000800000000 is pointing into metadata
R10=0x00000000c3071b58 is pointing into object: java.util.concurrent.ConcurrentHashMap 
{0x00000000c3071b40} - klass: 'java/util/concurrent/ConcurrentHashMap'
R11=0x000002de96fc17f8 is an unknown value
R12=0x00000071c50ff880 points into unknown readable memory: 0x00007ffc58ea9ac0 | c0 9a ea 58 fc 7f 00 00
R13=0x00000263a69636f0 points into unknown readable memory: 0x00000000000003f4 | f4 03 00 00 00 00 00 00
R14=0x00000263c4cd55d0 points into unknown readable memory: 0x00007ffc58ea8918 | 18 89 ea 58 fc 7f 00 00
R15=0x0000000800000000 is pointing into metadata


Registers:
RAX=0x0000000000000000, RBX=0x0000000000000001, RCX=0x0000000800000000, RDX=0x00000000c3071b58
RSP=0x00000071c50ff508, RBP=0x00000071c50ff588, RSI=0x00000000c0f8282c, RDI=0x00000000c3071b58
R8 =0x0000000000000000, R9 =0x0000000800000000, R10=0x00000000c3071b58, R11=0x000002de96fc17f8
R12=0x00000071c50ff880, R13=0x00000263a69636f0, R14=0x00000263c4cd55d0, R15=0x0000000800000000
RIP=0x00007ffc5876cf71, EFLAGS=0x0000000000010246

Top of Stack: (sp=0x00000071c50ff508)
0x00000071c50ff508:   00007ffc588be124 0000000000000001
0x00000071c50ff518:   00000000c2d7d830 00000071c50ff588
0x00000071c50ff528:   00007ffc58882dbd 0000000800000001
0x00000071c50ff538:   00007ffc58889d43 0000000800010001
0x00000071c50ff548:   00000263c4cd0100 0000000000000000
0x00000071c50ff558:   0000000000000009 00000263a69b3df0
0x00000071c50ff568:   00000071c50ff6d0 00000263a69636f0
0x00000071c50ff578:   00000000c0f83800 00000000c0f7ffe8
0x00000071c50ff588:   0000000000000000 0000000000000040
0x00000071c50ff598:   00000263a69636f0 00000071c50ff880
0x00000071c50ff5a8:   00000263c4cd55d0 00000000c0f8282c
0x00000071c50ff5b8:   00000000c0f8282d 0000000000000145
0x00000071c50ff5c8:   00007ffc588bf252 00000000c0f837cc
0x00000071c50ff5d8:   00000000c0f80001 00000000000006ff
0x00000071c50ff5e8:   000000000000231e 00000071c50ff670
0x00000071c50ff5f8:   0000000000000000 0000000000000600 

Instructions: (pc=0x00007ffc5876cf71)
0x00007ffc5876ce71:   74 32 0f 10 83 58 03 00 00 48 8b 07 48 8d 54 24
0x00007ffc5876ce81:   20 48 8b cf 0f 29 44 24 20 ff 50 40 33 c0 48 89
0x00007ffc5876ce91:   44 24 20 48 89 44 24 28 0f 10 44 24 20 0f 11 83
0x00007ffc5876cea1:   58 03 00 00 48 8b 5c 24 40 48 83 c4 30 5f c3 48
0x00007ffc5876ceb1:   8b 49 40 48 8b 01 48 ff 60 28 cc cc cc cc cc 80
0x00007ffc5876cec1:   3d ba a9 92 00 00 48 8b c1 74 1b 8b 51 08 8b 0d
0x00007ffc5876ced1:   73 41 8c 00 48 d3 e2 48 8b c8 48 03 15 5e 41 8c
0x00007ffc5876cee1:   00 e9 19 00 00 00 48 8b 51 08 48 8b c8 e9 0d 00
0x00007ffc5876cef1:   00 00 cc cc cc cc cc cc cc cc cc cc cc cc cc 4c
0x00007ffc5876cf01:   8b ca 48 8b d1 45 8b 41 08 45 85 c0 7e 0e 41 f6
0x00007ffc5876cf11:   c0 01 75 56 41 c1 f8 03 41 8b c0 c3 79 4c 80 3d
0x00007ffc5876cf21:   5b a9 92 00 00 b8 0c 00 00 00 b9 10 00 00 00 0f
0x00007ffc5876cf31:   45 c8 8b 05 3b 50 8c 00 ff c8 4c 63 c8 48 63 14
0x00007ffc5876cf41:   11 41 8b c8 83 e1 3f 48 d3 e2 41 8b c8 48 c1 f9
0x00007ffc5876cf51:   10 0f b6 c1 49 8d 0c 11 49 f7 d1 48 03 c1 49 c1
0x00007ffc5876cf61:   e9 03 48 c1 e8 03 41 23 c1 c3 49 8b 01 49 8b c9
0x00007ffc5876cf71:   48 ff a0 f0 00 00 00 cc cc cc cc cc cc cc cc 48
0x00007ffc5876cf81:   83 ec 38 0f 10 02 48 8b 49 40 48 8d 54 24 20 0f
0x00007ffc5876cf91:   29 44 24 20 e8 16 f3 ff ff 48 83 c4 38 c3 cc 48
0x00007ffc5876cfa1:   83 ec 38 0f 10 02 48 8b 01 48 8d 54 24 20 0f 29
0x00007ffc5876cfb1:   44 24 20 ff 50 38 48 83 c4 38 c3 cc cc cc cc 48
0x00007ffc5876cfc1:   89 5c 24 08 55 56 57 41 54 41 55 41 56 41 57 48
0x00007ffc5876cfd1:   8d 6c 24 e0 48 81 ec 20 01 00 00 48 8b 05 25 3d
0x00007ffc5876cfe1:   8f 00 48 33 c4 48 89 45 10 48 8b 05 cf a0 91 00
0x00007ffc5876cff1:   45 33 ed 4c 8b b5 80 00 00 00 4c 8b fa 48 8b bd
0x00007ffc5876d001:   88 00 00 00 4d 8b c6 49 8b d6 49 8b f1 48 8b 48
0x00007ffc5876d011:   40 48 8b 59 48 49 8b cf c7 45 c0 ff ff ff ff 44
0x00007ffc5876d021:   89 6d d4 4c 89 6d d8 44 88 6d e0 c7 45 e8 ff ff
0x00007ffc5876d031:   ff ff 44 89 6d fc 4c 89 6d 00 44 88 6d 08 e8 1c
0x00007ffc5876d041:   00 f4 ff 41 b1 01 4c 8d 45 e8 41 8d 55 04 49 8b
0x00007ffc5876d051:   cf e8 c9 39 f2 ff 48 8b 05 ca 2b 79 00 4c 8d 25
0x00007ffc5876d061:   13 a9 67 00 48 89 44 24 30 4c 8d 44 24 70 0f b6 


Stack slot to memory mapping:
stack at sp + 0 slots: 0x00007ffc588be124 jvm.dll
stack at sp + 1 slots: 0x0000000000000001 is an unknown value
stack at sp + 2 slots: 0x00000000c2d7d830 is an oop: sun.security.ssl.CipherSuite$HashAlg 
{0x00000000c2d7d830} - klass: 'sun/security/ssl/CipherSuite$HashAlg'
stack at sp + 3 slots: 0x00000071c50ff588 points into unknown readable memory: 0x0000000000000000 | 00 00 00 00 00 00 00 00
stack at sp + 4 slots: 0x00007ffc58882dbd jvm.dll
stack at sp + 5 slots: 0x0000000800000001 is pointing into metadata
stack at sp + 6 slots: 0x00007ffc58889d43 jvm.dll
stack at sp + 7 slots: 0x0000000800010001 is pointing into metadata


---------------  P R O C E S S  ---------------

Threads class SMR info:
_java_thread_list=0x00000263c4dd3270, length=18, elements={
0x00000263a6953e60, 0x00000263c39dce20, 0x00000263c39df330, 0x00000263c39f0340,
0x00000263c39f2d50, 0x00000263c39f3ef0, 0x00000263c39f8ba0, 0x00000263c39fb820,
0x00000263c39fe320, 0x00000263c3a1a070, 0x00000263c44540d0, 0x00000263c447dad0,
0x00000263c492d5e0, 0x00000263c4e12080, 0x00000263c54d3f90, 0x00000263c54d5a20,
0x00000263c54d2fa0, 0x00000263c54d5f70
}

Java Threads: ( => current thread )
  0x00000263a6953e60 JavaThread "main" [_thread_blocked, id=9456, stack(0x00000071c4f00000,0x00000071c5000000)]
  0x00000263c39dce20 JavaThread "Reference Handler" daemon [_thread_blocked, id=13452, stack(0x00000071c5600000,0x00000071c5700000)]
  0x00000263c39df330 JavaThread "Finalizer" daemon [_thread_blocked, id=13424, stack(0x00000071c5700000,0x00000071c5800000)]
  0x00000263c39f0340 JavaThread "Signal Dispatcher" daemon [_thread_blocked, id=14312, stack(0x00000071c5800000,0x00000071c5900000)]
  0x00000263c39f2d50 JavaThread "Attach Listener" daemon [_thread_blocked, id=14020, stack(0x00000071c5900000,0x00000071c5a00000)]
  0x00000263c39f3ef0 JavaThread "Service Thread" daemon [_thread_blocked, id=11612, stack(0x00000071c5a00000,0x00000071c5b00000)]
  0x00000263c39f8ba0 JavaThread "Monitor Deflation Thread" daemon [_thread_blocked, id=13724, stack(0x00000071c5b00000,0x00000071c5c00000)]
  0x00000263c39fb820 JavaThread "C2 CompilerThread0" daemon [_thread_blocked, id=14180, stack(0x00000071c5c00000,0x00000071c5d00000)]
  0x00000263c39fe320 JavaThread "C1 CompilerThread0" daemon [_thread_blocked, id=11944, stack(0x00000071c5d00000,0x00000071c5e00000)]
  0x00000263c3a1a070 JavaThread "Sweeper thread" daemon [_thread_blocked, id=6672, stack(0x00000071c5e00000,0x00000071c5f00000)]
  0x00000263c44540d0 JavaThread "Notification Thread" daemon [_thread_blocked, id=10740, stack(0x00000071c5f00000,0x00000071c6000000)]
  0x00000263c447dad0 JavaThread "Common-Cleaner" daemon [_thread_blocked, id=5640, stack(0x00000071c6100000,0x00000071c6200000)]
  0x00000263c492d5e0 JavaThread "ReaderThread" [_thread_blocked, id=11160, stack(0x00000071c6300000,0x00000071c6400000)]
  0x00000263c4e12080 JavaThread "Exec Default Executor" daemon [_thread_in_native, id=11952, stack(0x00000071c6900000,0x00000071c6a00000)]
  0x00000263c54d3f90 JavaThread "Exec Stream Pumper" daemon [_thread_in_native, id=4440, stack(0x00000071c6b00000,0x00000071c6c00000)]
  0x00000263c54d5a20 JavaThread "Exec Stream Pumper" daemon [_thread_in_native, id=10880, stack(0x00000071c6c00000,0x00000071c6d00000)]
  0x00000263c54d2fa0 JavaThread "OkHttp ConnectionPool" daemon [_thread_blocked, id=4160, stack(0x00000071c6d00000,0x00000071c6e00000)]
  0x00000263c54d5f70 JavaThread "Okio Watchdog" daemon [_thread_blocked, id=11068, stack(0x00000071c6e00000,0x00000071c6f00000)]

Other Threads:
  0x00000263c39d7b40 VMThread "VM Thread" [stack: 0x00000071c5500000,0x00000071c5600000] [id=9812]
  0x00000263c447d640 WatcherThread [stack: 0x00000071c6000000,0x00000071c6100000] [id=5448]
=>0x00000263a69804a0 GCTaskThread "GC Thread#0" [stack: 0x00000071c5000000,0x00000071c5100000] [id=12524]
  0x00000263c4c42b30 GCTaskThread "GC Thread#1" [stack: 0x00000071c6400000,0x00000071c6500000] [id=1700]
  0x00000263c4cfecc0 GCTaskThread "GC Thread#2" [stack: 0x00000071c6500000,0x00000071c6600000] [id=13568]
  0x00000263c4cfefd0 GCTaskThread "GC Thread#3" [stack: 0x00000071c6600000,0x00000071c6700000] [id=4644]
  0x00000263a698a370 ConcurrentGCThread "G1 Main Marker" [stack: 0x00000071c5100000,0x00000071c5200000] [id=13928]
  0x00000263a698b580 ConcurrentGCThread "G1 Conc#0" [stack: 0x00000071c5200000,0x00000071c5300000] [id=11372]
  0x00000263a69dac80 ConcurrentGCThread "G1 Refine#0" [stack: 0x00000071c5300000,0x00000071c5400000] [id=5776]
  0x00000263c4cd0650 ConcurrentGCThread "G1 Refine#1" [stack: 0x00000071c6700000,0x00000071c6800000] [id=11116]
  0x00000263a69dc710 ConcurrentGCThread "G1 Service" [stack: 0x00000071c5400000,0x00000071c5500000] [id=7708]

Threads with active compile tasks:
C1 CompilerThread0    78425 2666       3       org.testng.shaded.com.google.gson.internal.Excluder::isAnonymousOrLocal (29 bytes)

VM state: at safepoint (normal execution)

VM Mutex/Monitor currently owned by a thread:  ([mutex/lock_event])
[0x00000263a681d110] Threads_lock - owner thread: 0x00000263c39d7b40
[0x00000263a681d2c0] Heap_lock - owner thread: 0x00000263c492d5e0

Heap address: 0x00000000c0c00000, size: 1012 MB, Compressed Oops mode: 32-bit

CDS archive(s) mapped at: [0x0000000800000000-0x0000000800bb0000-0x0000000800bb0000), size 12255232, SharedBaseAddress: 0x0000000800000000, ArchiveRelocationMode: 0.
Compressed class space mapped at: 0x0000000800c00000-0x0000000840c00000, reserved size: 1073741824
Narrow klass base: 0x0000000800000000, Narrow klass shift: 3, Narrow klass range: 0x100000000

GC Precious Log:
 CPUs: 4 total, 4 available
 Memory: 4043M
 Large Page Support: Disabled
 NUMA Support: Disabled
 Compressed Oops: Enabled (32-bit)
 Heap Region Size: 1M
 Heap Min Capacity: 8M
 Heap Initial Capacity: 64M
 Heap Max Capacity: 1012M
 Pre-touch: Disabled
 Parallel Workers: 4
 Concurrent Workers: 1
 Concurrent Refinement Workers: 4
 Periodic GC: Disabled

Heap:
 garbage-first heap   total 65536K, used 35950K [0x00000000c0c00000, 0x0000000100000000)
  region size 1024K, 29 young (29696K), 2 survivors (2048K)
 Metaspace       used 16705K, committed 16960K, reserved 1064960K
  class space    used 1909K, committed 2048K, reserved 1048576K

Heap Regions: E=young(eden), S=young(survivor), O=old, HS=humongous(starts), HC=humongous(continues), CS=collection set, F=free, OA=open archive, CA=closed archive, TAMS=top-at-mark-start (previous, next)
|   0|0x00000000c0c00000, 0x00000000c0d00000, 0x00000000c0d00000|100%| O|  |TAMS 0x00000000c0c00000, 0x00000000c0c00000| Untracked 
|   1|0x00000000c0d00000, 0x00000000c0e00000, 0x00000000c0e00000|100%| O|  |TAMS 0x00000000c0d00000, 0x00000000c0d00000| Untracked 
|   2|0x00000000c0e00000, 0x00000000c0f00000, 0x00000000c0f00000|100%| O|  |TAMS 0x00000000c0e00000, 0x00000000c0e00000| Untracked 
|   3|0x00000000c0f00000, 0x00000000c1000000, 0x00000000c1000000|100%| O|  |TAMS 0x00000000c0f00000, 0x00000000c0f00000| Untracked 
|   4|0x00000000c1000000, 0x00000000c1100000, 0x00000000c1100000|100%| O|  |TAMS 0x00000000c1000000, 0x00000000c1000000| Untracked 
|   5|0x00000000c1100000, 0x00000000c1200000, 0x00000000c1200000|100%| O|  |TAMS 0x00000000c1100000, 0x00000000c1100000| Untracked 
|   6|0x00000000c1200000, 0x00000000c1300000, 0x00000000c1300000|100%| O|  |TAMS 0x00000000c1200000, 0x00000000c1200000| Untracked 
|   7|0x00000000c1300000, 0x00000000c1400000, 0x00000000c1400000|100%| O|  |TAMS 0x00000000c1300000, 0x00000000c1300000| Untracked 
|   8|0x00000000c1400000, 0x00000000c1424320, 0x00000000c1500000| 14%| O|  |TAMS 0x00000000c1400000, 0x00000000c1400000| Untracked 
|   9|0x00000000c1500000, 0x00000000c1500000, 0x00000000c1600000|  0%| F|  |TAMS 0x00000000c1500000, 0x00000000c1500000| Untracked 
|  10|0x00000000c1600000, 0x00000000c1600000, 0x00000000c1700000|  0%| F|  |TAMS 0x00000000c1600000, 0x00000000c1600000| Untracked 
|  11|0x00000000c1700000, 0x00000000c1700000, 0x00000000c1800000|  0%| F|  |TAMS 0x00000000c1700000, 0x00000000c1700000| Untracked 
|  12|0x00000000c1800000, 0x00000000c1800000, 0x00000000c1900000|  0%| F|  |TAMS 0x00000000c1800000, 0x00000000c1800000| Untracked 
|  13|0x00000000c1900000, 0x00000000c1900000, 0x00000000c1a00000|  0%| F|  |TAMS 0x00000000c1900000, 0x00000000c1900000| Untracked 
|  14|0x00000000c1a00000, 0x00000000c1a00000, 0x00000000c1b00000|  0%| F|  |TAMS 0x00000000c1a00000, 0x00000000c1a00000| Untracked 
|  15|0x00000000c1b00000, 0x00000000c1b00000, 0x00000000c1c00000|  0%| F|  |TAMS 0x00000000c1b00000, 0x00000000c1b00000| Untracked 
|  16|0x00000000c1c00000, 0x00000000c1c00000, 0x00000000c1d00000|  0%| F|  |TAMS 0x00000000c1c00000, 0x00000000c1c00000| Untracked 
|  17|0x00000000c1d00000, 0x00000000c1d00000, 0x00000000c1e00000|  0%| F|  |TAMS 0x00000000c1d00000, 0x00000000c1d00000| Untracked 
|  18|0x00000000c1e00000, 0x00000000c1e00000, 0x00000000c1f00000|  0%| F|  |TAMS 0x00000000c1e00000, 0x00000000c1e00000| Untracked 
|  19|0x00000000c1f00000, 0x00000000c1f00000, 0x00000000c2000000|  0%| F|  |TAMS 0x00000000c1f00000, 0x00000000c1f00000| Untracked 
|  20|0x00000000c2000000, 0x00000000c2000000, 0x00000000c2100000|  0%| F|  |TAMS 0x00000000c2000000, 0x00000000c2000000| Untracked 
|  21|0x00000000c2100000, 0x00000000c2100000, 0x00000000c2200000|  0%| F|  |TAMS 0x00000000c2100000, 0x00000000c2100000| Untracked 
|  22|0x00000000c2200000, 0x00000000c2200000, 0x00000000c2300000|  0%| F|  |TAMS 0x00000000c2200000, 0x00000000c2200000| Untracked 
|  23|0x00000000c2300000, 0x00000000c2300000, 0x00000000c2400000|  0%| F|  |TAMS 0x00000000c2300000, 0x00000000c2300000| Untracked 
|  24|0x00000000c2400000, 0x00000000c2400000, 0x00000000c2500000|  0%| F|  |TAMS 0x00000000c2400000, 0x00000000c2400000| Untracked 
|  25|0x00000000c2500000, 0x00000000c2500000, 0x00000000c2600000|  0%| F|  |TAMS 0x00000000c2500000, 0x00000000c2500000| Untracked 
|  26|0x00000000c2600000, 0x00000000c2600000, 0x00000000c2700000|  0%| F|  |TAMS 0x00000000c2600000, 0x00000000c2600000| Untracked 
|  27|0x00000000c2700000, 0x00000000c2700000, 0x00000000c2800000|  0%| F|  |TAMS 0x00000000c2700000, 0x00000000c2700000| Untracked 
|  28|0x00000000c2800000, 0x00000000c2800000, 0x00000000c2900000|  0%| F|  |TAMS 0x00000000c2800000, 0x00000000c2800000| Untracked 
|  29|0x00000000c2900000, 0x00000000c2900000, 0x00000000c2a00000|  0%| F|  |TAMS 0x00000000c2900000, 0x00000000c2900000| Untracked 
|  30|0x00000000c2a00000, 0x00000000c2a00000, 0x00000000c2b00000|  0%| F|  |TAMS 0x00000000c2a00000, 0x00000000c2a00000| Untracked 
|  31|0x00000000c2b00000, 0x00000000c2bbdd50, 0x00000000c2c00000| 74%| S|  |TAMS 0x00000000c2b00000, 0x00000000c2b00000| Complete 
|  32|0x00000000c2c00000, 0x00000000c2d00000, 0x00000000c2d00000|100%| S|  |TAMS 0x00000000c2c00000, 0x00000000c2c00000| Complete 
|  33|0x00000000c2d00000, 0x00000000c2e00000, 0x00000000c2e00000|100%| E|CS|TAMS 0x00000000c2d00000, 0x00000000c2d00000| Complete 
|  34|0x00000000c2e00000, 0x00000000c2f00000, 0x00000000c2f00000|100%| E|CS|TAMS 0x00000000c2e00000, 0x00000000c2e00000| Complete 
|  35|0x00000000c2f00000, 0x00000000c3000000, 0x00000000c3000000|100%| E|CS|TAMS 0x00000000c2f00000, 0x00000000c2f00000| Complete 
|  36|0x00000000c3000000, 0x00000000c3100000, 0x00000000c3100000|100%| E|CS|TAMS 0x00000000c3000000, 0x00000000c3000000| Complete 
|  37|0x00000000c3100000, 0x00000000c3200000, 0x00000000c3200000|100%| E|CS|TAMS 0x00000000c3100000, 0x00000000c3100000| Complete 
|  38|0x00000000c3200000, 0x00000000c3300000, 0x00000000c3300000|100%| E|CS|TAMS 0x00000000c3200000, 0x00000000c3200000| Complete 
|  39|0x00000000c3300000, 0x00000000c3400000, 0x00000000c3400000|100%| E|CS|TAMS 0x00000000c3300000, 0x00000000c3300000| Complete 
|  40|0x00000000c3400000, 0x00000000c3500000, 0x00000000c3500000|100%| E|CS|TAMS 0x00000000c3400000, 0x00000000c3400000| Complete 
|  41|0x00000000c3500000, 0x00000000c3600000, 0x00000000c3600000|100%| E|CS|TAMS 0x00000000c3500000, 0x00000000c3500000| Complete 
|  42|0x00000000c3600000, 0x00000000c3700000, 0x00000000c3700000|100%| E|CS|TAMS 0x00000000c3600000, 0x00000000c3600000| Complete 
|  43|0x00000000c3700000, 0x00000000c3800000, 0x00000000c3800000|100%| E|CS|TAMS 0x00000000c3700000, 0x00000000c3700000| Complete 
|  44|0x00000000c3800000, 0x00000000c3900000, 0x00000000c3900000|100%| E|CS|TAMS 0x00000000c3800000, 0x00000000c3800000| Complete 
|  45|0x00000000c3900000, 0x00000000c3a00000, 0x00000000c3a00000|100%| E|CS|TAMS 0x00000000c3900000, 0x00000000c3900000| Complete 
|  46|0x00000000c3a00000, 0x00000000c3b00000, 0x00000000c3b00000|100%| E|CS|TAMS 0x00000000c3a00000, 0x00000000c3a00000| Complete 
|  47|0x00000000c3b00000, 0x00000000c3c00000, 0x00000000c3c00000|100%| E|CS|TAMS 0x00000000c3b00000, 0x00000000c3b00000| Complete 
|  48|0x00000000c3c00000, 0x00000000c3d00000, 0x00000000c3d00000|100%| E|CS|TAMS 0x00000000c3c00000, 0x00000000c3c00000| Complete 
|  49|0x00000000c3d00000, 0x00000000c3e00000, 0x00000000c3e00000|100%| E|CS|TAMS 0x00000000c3d00000, 0x00000000c3d00000| Complete 
|  50|0x00000000c3e00000, 0x00000000c3f00000, 0x00000000c3f00000|100%| E|CS|TAMS 0x00000000c3e00000, 0x00000000c3e00000| Complete 
|  51|0x00000000c3f00000, 0x00000000c4000000, 0x00000000c4000000|100%| E|CS|TAMS 0x00000000c3f00000, 0x00000000c3f00000| Complete 
|  52|0x00000000c4000000, 0x00000000c4100000, 0x00000000c4100000|100%| E|CS|TAMS 0x00000000c4000000, 0x00000000c4000000| Complete 
|  53|0x00000000c4100000, 0x00000000c4200000, 0x00000000c4200000|100%| E|CS|TAMS 0x00000000c4100000, 0x00000000c4100000| Complete 
|  54|0x00000000c4200000, 0x00000000c4300000, 0x00000000c4300000|100%| E|CS|TAMS 0x00000000c4200000, 0x00000000c4200000| Complete 
|  55|0x00000000c4300000, 0x00000000c4400000, 0x00000000c4400000|100%| E|CS|TAMS 0x00000000c4300000, 0x00000000c4300000| Complete 
|  56|0x00000000c4400000, 0x00000000c4500000, 0x00000000c4500000|100%| E|CS|TAMS 0x00000000c4400000, 0x00000000c4400000| Complete 
|  57|0x00000000c4500000, 0x00000000c4600000, 0x00000000c4600000|100%| E|CS|TAMS 0x00000000c4500000, 0x00000000c4500000| Complete 
|  58|0x00000000c4600000, 0x00000000c4700000, 0x00000000c4700000|100%| E|CS|TAMS 0x00000000c4600000, 0x00000000c4600000| Complete 
|  59|0x00000000c4700000, 0x00000000c4800000, 0x00000000c4800000|100%| E|CS|TAMS 0x00000000c4700000, 0x00000000c4700000| Complete 
|  60|0x00000000c4800000, 0x00000000c4900000, 0x00000000c4900000|100%| E|CS|TAMS 0x00000000c4800000, 0x00000000c4800000| Complete 
|  61|0x00000000c4900000, 0x00000000c4a00000, 0x00000000c4a00000|100%| E|CS|TAMS 0x00000000c4900000, 0x00000000c4900000| Complete 
|  62|0x00000000c4a00000, 0x00000000c4b00000, 0x00000000c4b00000|100%| E|CS|TAMS 0x00000000c4a00000, 0x00000000c4a00000| Complete 
|  63|0x00000000c4b00000, 0x00000000c4c00000, 0x00000000c4c00000|100%| E|CS|TAMS 0x00000000c4b00000, 0x00000000c4b00000| Complete 

Card table byte_map: [0x00000263bf0d0000,0x00000263bf2d0000] _byte_map_base: 0x00000263beaca000

Marking Bits (Prev, Next): (CMBitMap*) 0x00000263a6981b20, (CMBitMap*) 0x00000263a6981b60
 Prev Bits: [0x00000263bf4d0000, 0x00000263c04a0000)
 Next Bits: [0x00000263c04a0000, 0x00000263c1470000)

Polling page: 0x00000263a6a30000

Metaspace:

Usage:
  Non-class:     14.45 MB used.
      Class:      1.86 MB used.
       Both:     16.31 MB used.

Virtual space:
  Non-class space:       16.00 MB reserved,      14.56 MB ( 91%) committed,  2 nodes.
      Class space:        1.00 GB reserved,       2.00 MB ( <1%) committed,  1 nodes.
              Both:        1.02 GB reserved,      16.56 MB (  2%) committed. 

Chunk freelists:
   Non-Class:  1.47 MB
       Class:  2.00 MB
        Both:  3.47 MB

MaxMetaspaceSize: 17179869184.00 GB
CompressedClassSpaceSize: 1.00 GB
 - commit_granule_bytes: 65536.
 - commit_granule_words: 8192.
 - virtual_space_node_default_size: 1048576.
 - enlarge_chunks_in_place: 1.
 - new_chunks_are_fully_committed: 0.
 - uncommit_free_chunks: 1.
 - use_allocation_guard: 0.
 - handle_deallocations: 1.


Internal statistics:

num_allocs_failed_limit: 0.
num_arena_births: 144.
num_arena_deaths: 0.
num_vsnodes_births: 3.
num_vsnodes_deaths: 0.
num_space_committed: 265.
num_space_uncommitted: 0.
num_chunks_returned_to_freelist: 0.
num_chunks_taken_from_freelist: 534.
num_chunk_merges: 0.
num_chunk_splits: 352.
num_chunks_enlarged: 266.
num_purges: 0.

CodeHeap 'non-profiled nmethods': size=120000Kb used=1010Kb max_used=1010Kb free=118989Kb
 bounds [0x00000263b7370000, 0x00000263b75e0000, 0x00000263be8a0000]
CodeHeap 'profiled nmethods': size=120000Kb used=5290Kb max_used=5290Kb free=114709Kb
 bounds [0x00000263afe40000, 0x00000263b0370000, 0x00000263b7370000]
CodeHeap 'non-nmethods': size=5760Kb used=1246Kb max_used=1263Kb free=4513Kb
 bounds [0x00000263af8a0000, 0x00000263afb10000, 0x00000263afe40000]
 total_blobs=3212 nmethods=2661 adapters=463
 compilation: enabled
              stopped_count=0, restarted_count=0
 full_count=0

Compilation events (20 events):
Event: 72.650 Thread 0x00000263c39fe320 nmethod 2654 0x00000263b0367310 code [0x00000263b0367560, 0x00000263b0368008]
Event: 72.650 Thread 0x00000263c39fe320 2655       3       com.google.common.net.MediaType$1::<init> (10 bytes)
Event: 72.650 Thread 0x00000263c39fe320 nmethod 2655 0x00000263b0368390 code [0x00000263b0368540, 0x00000263b0368718]
Event: 77.658 Thread 0x00000263c39fe320 2656       3       java.util.Spliterators$ArraySpliterator::<init> (33 bytes)
Event: 77.658 Thread 0x00000263c39fe320 nmethod 2656 0x00000263b0368810 code [0x00000263b03689c0, 0x00000263b0368b98]
Event: 77.659 Thread 0x00000263c39fb820 2657       4       java.lang.String::toLowerCase (29 bytes)
Event: 77.695 Thread 0x00000263c39fe320 2659       1       org.openqa.selenium.json.JsonInputIterator::next (5 bytes)
Event: 77.695 Thread 0x00000263c39fe320 nmethod 2659 0x00000263b746a090 code [0x00000263b746a220, 0x00000263b746a2f8]
Event: 77.699 Thread 0x00000263c39fb820 nmethod 2657 0x00000263b746a390 code [0x00000263b746a560, 0x00000263b746af18]
Event: 77.699 Thread 0x00000263c39fb820 2658       4       okhttp3.Headers::name (9 bytes)
Event: 77.700 Thread 0x00000263c39fb820 nmethod 2658 0x00000263b746b390 code [0x00000263b746b520, 0x00000263b746b5d8]
Event: 77.903 Thread 0x00000263c39fb820 2660       4       java.nio.ByteBuffer::limit (8 bytes)
Event: 77.904 Thread 0x00000263c39fb820 nmethod 2660 0x00000263b746ba90 code [0x00000263b746bc20, 0x00000263b746bd18]
Event: 77.904 Thread 0x00000263c39fe320 2662       1       org.testng.shaded.com.google.gson.reflect.TypeToken::getType (5 bytes)
Event: 77.904 Thread 0x00000263c39fe320 nmethod 2662 0x00000263b746c310 code [0x00000263b746c4a0, 0x00000263b746c578]
Event: 77.923 Thread 0x00000263c39fe320 2664       3       java.lang.PublicMethods$MethodList::filter (104 bytes)
Event: 77.923 Thread 0x00000263c39fb820 2665       4       java.lang.ref.Reference::refersTo (6 bytes)
Event: 77.924 Thread 0x00000263c39fb820 nmethod 2665 0x00000263b746c610 code [0x00000263b746c7a0, 0x00000263b746c838]
Event: 77.924 Thread 0x00000263c39fe320 nmethod 2664 0x00000263b0368c90 code [0x00000263b0368ee0, 0x00000263b0369958]
Event: 77.924 Thread 0x00000263c39fe320 2666       3       org.testng.shaded.com.google.gson.internal.Excluder::isAnonymousOrLocal (29 bytes)

GC Heap History (7 events):
Event: 1.396 GC heap before
{Heap before GC invocations=0 (full 0):
 garbage-first heap   total 65536K, used 13312K [0x00000000c0c00000, 0x0000000100000000)
  region size 1024K, 13 young (13312K), 0 survivors (0K)
 Metaspace       used 5587K, committed 5760K, reserved 1056768K
  class space    used 588K, committed 704K, reserved 1048576K
}
Event: 1.403 GC heap after
{Heap after GC invocations=1 (full 0):
 garbage-first heap   total 65536K, used 3372K [0x00000000c0c00000, 0x0000000100000000)
  region size 1024K, 2 young (2048K), 2 survivors (2048K)
 Metaspace       used 5587K, committed 5760K, reserved 1056768K
  class space    used 588K, committed 704K, reserved 1048576K
}
Event: 1.817 GC heap before
{Heap before GC invocations=1 (full 0):
 garbage-first heap   total 65536K, used 15660K [0x00000000c0c00000, 0x0000000100000000)
  region size 1024K, 14 young (14336K), 2 survivors (2048K)
 Metaspace       used 7893K, committed 8064K, reserved 1056768K
  class space    used 815K, committed 896K, reserved 1048576K
}
Event: 1.823 GC heap after
{Heap after GC invocations=2 (full 0):
 garbage-first heap   total 65536K, used 4802K [0x00000000c0c00000, 0x0000000100000000)
  region size 1024K, 2 young (2048K), 2 survivors (2048K)
 Metaspace       used 7893K, committed 8064K, reserved 1056768K
  class space    used 815K, committed 896K, reserved 1048576K
}
Event: 2.614 GC heap before
{Heap before GC invocations=2 (full 0):
 garbage-first heap   total 65536K, used 29378K [0x00000000c0c00000, 0x0000000100000000)
  region size 1024K, 27 young (27648K), 2 survivors (2048K)
 Metaspace       used 12251K, committed 12416K, reserved 1064960K
  class space    used 1306K, committed 1408K, reserved 1048576K
}
Event: 2.621 GC heap after
{Heap after GC invocations=3 (full 0):
 garbage-first heap   total 65536K, used 8302K [0x00000000c0c00000, 0x0000000100000000)
  region size 1024K, 4 young (4096K), 4 survivors (4096K)
 Metaspace       used 12251K, committed 12416K, reserved 1064960K
  class space    used 1306K, committed 1408K, reserved 1048576K
}
Event: 77.925 GC heap before
{Heap before GC invocations=3 (full 0):
 garbage-first heap   total 65536K, used 35950K [0x00000000c0c00000, 0x0000000100000000)
  region size 1024K, 31 young (31744K), 4 survivors (4096K)
 Metaspace       used 16705K, committed 16960K, reserved 1064960K
  class space    used 1909K, committed 2048K, reserved 1048576K
}

Deoptimization events (20 events):
Event: 4.420 Thread 0x00000263a6953e60 Uncommon trap: trap_request=0xffffffde fr.pc=0x00000263b740ad38 relative=0x0000000000000198
Event: 4.420 Thread 0x00000263a6953e60 Uncommon trap: reason=class_check action=maybe_recompile pc=0x00000263b740ad38 method=java.io.DataInputStream.readByte()B @ 4 c2
Event: 4.420 Thread 0x00000263a6953e60 DEOPT PACKING pc=0x00000263b740ad38 sp=0x00000071c4ffca50
Event: 4.420 Thread 0x00000263a6953e60 DEOPT UNPACKING pc=0x00000263af8ed72e sp=0x00000071c4ffca18 mode 2
Event: 8.624 Thread 0x00000263a6953e60 DEOPT PACKING pc=0x00000263b014710b sp=0x00000071c4ffc420
Event: 8.624 Thread 0x00000263a6953e60 DEOPT UNPACKING pc=0x00000263af8edece sp=0x00000071c4ffb930 mode 0
Event: 8.693 Thread 0x00000263a6953e60 Uncommon trap: trap_request=0xffffff45 fr.pc=0x00000263b7414a2c relative=0x000000000000008c
Event: 8.693 Thread 0x00000263a6953e60 Uncommon trap: reason=unstable_if action=reinterpret pc=0x00000263b7414a2c method=java.lang.Math.floorMod(JJ)J @ 10 c2
Event: 8.693 Thread 0x00000263a6953e60 DEOPT PACKING pc=0x00000263b7414a2c sp=0x00000071c4ffcf90
Event: 8.693 Thread 0x00000263a6953e60 DEOPT UNPACKING pc=0x00000263af8ed72e sp=0x00000071c4ffcf20 mode 2
Event: 8.693 Thread 0x00000263a6953e60 Uncommon trap: trap_request=0xffffff45 fr.pc=0x00000263b74172e8 relative=0x0000000000000f48
Event: 8.693 Thread 0x00000263a6953e60 Uncommon trap: reason=unstable_if action=reinterpret pc=0x00000263b74172e8 method=java.util.concurrent.ConcurrentHashMap.putVal(Ljava/lang/Object;Ljava/lang/Object;Z)Ljava/lang/Object; @ 256 c2
Event: 8.693 Thread 0x00000263a6953e60 DEOPT PACKING pc=0x00000263b74172e8 sp=0x00000071c4ffd2d0
Event: 8.693 Thread 0x00000263a6953e60 DEOPT UNPACKING pc=0x00000263af8ed72e sp=0x00000071c4ffd258 mode 2
Event: 36.673 Thread 0x00000263a6953e60 DEOPT PACKING pc=0x00000263b01470ea sp=0x00000071c4ffdd10
Event: 36.673 Thread 0x00000263a6953e60 DEOPT UNPACKING pc=0x00000263af8edece sp=0x00000071c4ffd220 mode 0
Event: 36.732 Thread 0x00000263c492d5e0 Uncommon trap: trap_request=0xffffff45 fr.pc=0x00000263b73fffc8 relative=0x0000000000000aa8
Event: 36.732 Thread 0x00000263c492d5e0 Uncommon trap: reason=unstable_if action=reinterpret pc=0x00000263b73fffc8 method=java.io.BufferedReader.readLine(Z[Z)Ljava/lang/String; @ 22 c2
Event: 36.732 Thread 0x00000263c492d5e0 DEOPT PACKING pc=0x00000263b73fffc8 sp=0x00000071c63febd0
Event: 36.732 Thread 0x00000263c492d5e0 DEOPT UNPACKING pc=0x00000263af8ed72e sp=0x00000071c63feb70 mode 2

Classes unloaded (0 events):
No events

Classes redefined (0 events):
No events

Internal exceptions (20 events):
Event: 3.693 Thread 0x00000263c4e1e770 Exception <a 'java/net/ConnectException'{0x00000000c4af3b98}: Connection refused: no further information> (0x00000000c4af3b98) 
thrown [t:\workspace\open\src\hotspot\share\prims\jni.cpp, line 600]
Event: 3.693 Thread 0x00000263c4e1e770 Exception <a 'java/net/SocketException'{0x00000000c4af3ed0}: Socket is not connected: shutdown> (0x00000000c4af3ed0) 
thrown [t:\workspace\open\src\hotspot\share\prims\jni.cpp, line 600]
Event: 4.091 Thread 0x00000263a6953e60 Exception <a 'java/lang/NoSuchMethodError'{0x00000000c49a60b0}: 'java.lang.Object java.lang.invoke.DirectMethodHandle$Holder.invokeInterface(java.lang.Object, java.lang.Object, java.lang.Object)'> (0x00000000c49a60b0) 
thrown [t:\workspace\open\src\hotspot\share\interpreter\linkResolver.cpp, line 790]
Event: 4.093 Thread 0x00000263a6953e60 Exception <a 'java/lang/IncompatibleClassChangeError'{0x00000000c49a9948}: Found class java.lang.Object, but interface was expected> (0x00000000c49a9948) 
thrown [t:\workspace\open\src\hotspot\share\interpreter\linkResolver.cpp, line 857]
Event: 4.098 Thread 0x00000263a6953e60 Exception <a 'java/lang/NoSuchMethodError'{0x00000000c49af568}: 'int java.lang.invoke.DirectMethodHandle$Holder.invokeSpecial(java.lang.Object, java.lang.Object, java.lang.Object)'> (0x00000000c49af568) 
thrown [t:\workspace\open\src\hotspot\share\interpreter\linkResolver.cpp, line 790]
Event: 4.100 Thread 0x00000263a6953e60 Exception <a 'java/lang/NoSuchMethodError'{0x00000000c49b6020}: 'int java.lang.invoke.DirectMethodHandle$Holder.invokeSpecialIFC(java.lang.Object, java.lang.Object, java.lang.Object, java.lang.Object)'> (0x00000000c49b6020) 
thrown [t:\workspace\open\src\hotspot\share\interpreter\linkResolver.cpp, line 790]
Event: 4.104 Thread 0x00000263a6953e60 Exception <a 'java/lang/NoSuchMethodError'{0x00000000c49be6c8}: 'java.lang.Object java.lang.invoke.DirectMethodHandle$Holder.invokeInterface(java.lang.Object, java.lang.Object, java.lang.Object, java.lang.Object)'> (0x00000000c49be6c8) 
thrown [t:\workspace\open\src\hotspot\share\interpreter\linkResolver.cpp, line 790]
Event: 4.148 Thread 0x00000263a6953e60 Exception <a 'java/lang/NoSuchMethodError'{0x00000000c485d0c8}: 'void java.lang.invoke.DirectMethodHandle$Holder.invokeInterface(java.lang.Object, java.lang.Object, java.lang.Object)'> (0x00000000c485d0c8) 
thrown [t:\workspace\open\src\hotspot\share\interpreter\linkResolver.cpp, line 790]
Event: 4.169 Thread 0x00000263a6953e60 Exception <a 'java/lang/NoSuchMethodError'{0x00000000c48bdf68}: 'int java.lang.invoke.DirectMethodHandle$Holder.invokeVirtual(java.lang.Object, java.lang.Object)'> (0x00000000c48bdf68) 
thrown [t:\workspace\open\src\hotspot\share\interpreter\linkResolver.cpp, line 790]
Event: 4.171 Thread 0x00000263a6953e60 Exception <a 'java/lang/NoSuchMethodError'{0x00000000c48c4638}: 'double java.lang.invoke.DirectMethodHandle$Holder.invokeVirtual(java.lang.Object, java.lang.Object)'> (0x00000000c48c4638) 
thrown [t:\workspace\open\src\hotspot\share\interpreter\linkResolver.cpp, line 790]
Event: 4.173 Thread 0x00000263a6953e60 Exception <a 'java/lang/NoSuchMethodError'{0x00000000c48cb020}: 'float java.lang.invoke.DirectMethodHandle$Holder.invokeVirtual(java.lang.Object, java.lang.Object)'> (0x00000000c48cb020) 
thrown [t:\workspace\open\src\hotspot\share\interpreter\linkResolver.cpp, line 790]
Event: 4.175 Thread 0x00000263a6953e60 Exception <a 'java/lang/NoSuchMethodError'{0x00000000c48d42e0}: 'long java.lang.invoke.DirectMethodHandle$Holder.invokeVirtual(java.lang.Object, java.lang.Object)'> (0x00000000c48d42e0) 
thrown [t:\workspace\open\src\hotspot\share\interpreter\linkResolver.cpp, line 790]
Event: 4.186 Thread 0x00000263a6953e60 Exception <a 'java/lang/NoSuchMethodError'{0x00000000c48fe8a0}: 'void java.lang.invoke.DirectMethodHandle$Holder.invokeStatic(java.lang.Object, java.lang.Object, java.lang.Object)'> (0x00000000c48fe8a0) 
thrown [t:\workspace\open\src\hotspot\share\interpreter\linkResolver.cpp, line 790]
Event: 4.256 Thread 0x00000263a6953e60 Exception <a 'java/lang/NoSuchMethodError'{0x00000000c463ac58}: 'void java.lang.invoke.DirectMethodHandle$Holder.invokeSpecial(java.lang.Object, java.lang.Object, java.lang.Object, java.lang.Object, java.lang.Object)'> (0x00000000c463ac58) 
thrown [t:\workspace\open\src\hotspot\share\interpreter\linkResolver.cpp, line 790]
Event: 4.282 Thread 0x00000263a6953e60 Exception <a 'java/lang/NoSuchMethodError'{0x00000000c4511b68}: 'java.lang.Object java.lang.invoke.DirectMethodHandle$Holder.newInvokeSpecial(java.lang.Object, java.lang.Object, java.lang.Object, java.lang.Object, java.lang.Object)'> (0x00000000c4511b68) 
thrown [t:\workspace\open\src\hotspot\share\interpreter\linkResolver.cpp, line 790]
Event: 4.314 Thread 0x00000263a6953e60 Exception <a 'java/lang/NoSuchMethodError'{0x00000000c4434670}: 'java.lang.Object java.lang.invoke.Invokers$Holder.invokeExact_MT(java.lang.Object, java.lang.Object, java.lang.Object, java.lang.Object, java.lang.Object, java.lang.Object)'> (0x00000000c4434670) 
thrown [t:\workspace\open\src\hotspot\share\interpreter\linkResolver.cpp, line 790]
Event: 4.443 Thread 0x00000263a6953e60 Exception <a 'java/lang/NoSuchMethodError'{0x00000000c40139c0}: 'void java.lang.invoke.DirectMethodHandle$Holder.invokeStatic(java.lang.Object, java.lang.Object, java.lang.Object, java.lang.Object)'> (0x00000000c40139c0) 
thrown [t:\workspace\open\src\hotspot\share\interpreter\linkResolver.cpp, line 790]
Event: 8.471 Thread 0x00000263a6953e60 Exception <a 'java/lang/NoSuchMethodError'{0x00000000c3ff4360}: 'java.lang.Object java.lang.invoke.DirectMethodHandle$Holder.invokeSpecialIFC(java.lang.Object, java.lang.Object, java.lang.Object)'> (0x00000000c3ff4360) 
thrown [t:\workspace\open\src\hotspot\share\interpreter\linkResolver.cpp, line 790]
Event: 8.776 Thread 0x00000263a6953e60 Exception <a 'java/lang/ClassNotFoundException'{0x00000000c3e9d120}: sun/util/logging/resources/spi/loggingProvider> (0x00000000c3e9d120) 
thrown [t:\workspace\open\src\hotspot\share\classfile\systemDictionary.cpp, line 256]
Event: 27.093 Thread 0x00000263a6953e60 Exception <a 'java/lang/ClassNotFoundException'{0x00000000c3a02798}: sun/misc/SharedSecrets> (0x00000000c3a02798) 
thrown [t:\workspace\open\src\hotspot\share\classfile\systemDictionary.cpp, line 256]

Events (20 events):
Event: 45.346 Executing  VM operation: Cleanup
Event: 45.346 Executing  VM operation: Cleanup done
Event: 61.816 Thread 0x00000263a6727cb0 Thread added: 0x00000263a6727cb0
Event: 62.520 Executing  VM operation: Cleanup
Event: 62.520 Executing  VM operation: Cleanup done
Event: 64.042 Thread 0x00000263c4e1e770 Thread exited: 0x00000263c4e1e770
Event: 64.538 Executing  VM operation: Cleanup
Event: 64.539 Executing  VM operation: Cleanup done
Event: 65.360 Thread 0x00000263a6727cb0 Thread exited: 0x00000263a6727cb0
Event: 65.548 Executing  VM operation: Cleanup
Event: 65.548 Executing  VM operation: Cleanup done
Event: 66.552 Executing  VM operation: Cleanup
Event: 66.552 Executing  VM operation: Cleanup done
Event: 71.599 Executing  VM operation: Cleanup
Event: 71.599 Executing  VM operation: Cleanup done
Event: 73.599 Executing  VM operation: Cleanup
Event: 73.599 Executing  VM operation: Cleanup done
Event: 77.905 loading class java/util/concurrent/ConcurrentLinkedQueue$Itr
Event: 77.921 loading class java/util/concurrent/ConcurrentLinkedQueue$Itr done
Event: 77.925 Executing  VM operation: G1CollectForAllocation


Dynamic libraries:
0x00007ff720720000 - 0x00007ff720730000 	C:\Program Files\Java\jdk-16.0.1\bin\javaw.exe
0x00007ffc9c9f0000 - 0x00007ffc9cbe5000 	C:\WINDOWS\SYSTEM32\ntdll.dll
0x00007ffc9b3e0000 - 0x00007ffc9b49d000 	C:\WINDOWS\System32\KERNEL32.DLL
0x00007ffc9a780000 - 0x00007ffc9aa48000 	C:\WINDOWS\System32\KERNELBASE.dll
0x00007ffc9a320000 - 0x00007ffc9a420000 	C:\WINDOWS\System32\ucrtbase.dll
0x00007ffc71a30000 - 0x00007ffc71a49000 	C:\Program Files\Java\jdk-16.0.1\bin\VCRUNTIME140.dll
0x00007ffc7be60000 - 0x00007ffc7be78000 	C:\Program Files\Java\jdk-16.0.1\bin\jli.dll
0x00007ffc9b5c0000 - 0x00007ffc9b66c000 	C:\WINDOWS\System32\ADVAPI32.dll
0x00007ffc9c8a0000 - 0x00007ffc9c93e000 	C:\WINDOWS\System32\msvcrt.dll
0x00007ffc9bfc0000 - 0x00007ffc9c05b000 	C:\WINDOWS\System32\sechost.dll
0x00007ffc9be90000 - 0x00007ffc9bfbb000 	C:\WINDOWS\System32\RPCRT4.dll
0x00007ffc9c640000 - 0x00007ffc9c7e0000 	C:\WINDOWS\System32\USER32.dll
0x00007ffc9a550000 - 0x00007ffc9a572000 	C:\WINDOWS\System32\win32u.dll
0x00007ffc947f0000 - 0x00007ffc94a8a000 	C:\WINDOWS\WinSxS\amd64_microsoft.windows.common-controls_6595b64144ccf1df_6.0.19041.844_none_ca00b6081b84eb1d\COMCTL32.dll
0x00007ffc9b7e0000 - 0x00007ffc9b80a000 	C:\WINDOWS\System32\GDI32.dll
0x00007ffc9a210000 - 0x00007ffc9a31b000 	C:\WINDOWS\System32\gdi32full.dll
0x00007ffc9a580000 - 0x00007ffc9a61d000 	C:\WINDOWS\System32\msvcp_win.dll
0x00007ffc97450000 - 0x00007ffc9745a000 	C:\WINDOWS\SYSTEM32\VERSION.dll
0x00007ffc9c190000 - 0x00007ffc9c1c0000 	C:\WINDOWS\System32\IMM32.DLL
0x00007ffc924e0000 - 0x00007ffc924ec000 	C:\Program Files\Java\jdk-16.0.1\bin\vcruntime140_1.dll
0x00007ffc6c8b0000 - 0x00007ffc6c941000 	C:\Program Files\Java\jdk-16.0.1\bin\msvcp140.dll
0x00007ffc585c0000 - 0x00007ffc5916b000 	C:\Program Files\Java\jdk-16.0.1\bin\server\jvm.dll
0x00007ffc9ab00000 - 0x00007ffc9ab08000 	C:\WINDOWS\System32\PSAPI.DLL
0x00007ffc8d810000 - 0x00007ffc8d819000 	C:\WINDOWS\SYSTEM32\WSOCK32.dll
0x00007ffc977b0000 - 0x00007ffc977d7000 	C:\WINDOWS\SYSTEM32\WINMM.dll
0x00007ffc9c940000 - 0x00007ffc9c9ab000 	C:\WINDOWS\System32\WS2_32.dll
0x00007ffc97250000 - 0x00007ffc97262000 	C:\WINDOWS\SYSTEM32\kernel.appcore.dll
0x00007ffc86e10000 - 0x00007ffc86e1a000 	C:\Program Files\Java\jdk-16.0.1\bin\jimage.dll
0x00007ffc99ba0000 - 0x00007ffc99d84000 	C:\WINDOWS\SYSTEM32\DBGHELP.DLL
0x00007ffc99af0000 - 0x00007ffc99b1c000 	C:\WINDOWS\SYSTEM32\dbgcore.DLL
0x00007ffc9a420000 - 0x00007ffc9a4a0000 	C:\WINDOWS\System32\bcryptPrimitives.dll
0x00007ffc6d310000 - 0x00007ffc6d335000 	C:\Program Files\Java\jdk-16.0.1\bin\java.dll
0x00007ffc9abc0000 - 0x00007ffc9b302000 	C:\WINDOWS\System32\SHELL32.dll
0x00007ffc97c20000 - 0x00007ffc983b0000 	C:\WINDOWS\SYSTEM32\windows.storage.dll
0x00007ffc9c1c0000 - 0x00007ffc9c515000 	C:\WINDOWS\System32\combase.dll
0x00007ffc994b0000 - 0x00007ffc994dc000 	C:\WINDOWS\SYSTEM32\Wldp.dll
0x00007ffc9ab10000 - 0x00007ffc9abbe000 	C:\WINDOWS\System32\SHCORE.dll
0x00007ffc9c7e0000 - 0x00007ffc9c835000 	C:\WINDOWS\System32\shlwapi.dll
0x00007ffc9a070000 - 0x00007ffc9a08f000 	C:\WINDOWS\SYSTEM32\profapi.dll
0x00007ffc71440000 - 0x00007ffc71459000 	C:\Program Files\Java\jdk-16.0.1\bin\net.dll
0x00007ffc8afe0000 - 0x00007ffc8b0eb000 	C:\WINDOWS\SYSTEM32\WINHTTP.dll
0x00007ffc99240000 - 0x00007ffc992aa000 	C:\WINDOWS\system32\mswsock.dll
0x00007ffc6c890000 - 0x00007ffc6c8a3000 	C:\Program Files\Java\jdk-16.0.1\bin\nio.dll
0x00007ffc6c870000 - 0x00007ffc6c888000 	C:\Program Files\Java\jdk-16.0.1\bin\zip.dll
0x00007ffc98f70000 - 0x00007ffc9903c000 	C:\WINDOWS\SYSTEM32\DNSAPI.dll
0x00007ffc98f30000 - 0x00007ffc98f6b000 	C:\WINDOWS\SYSTEM32\IPHLPAPI.DLL
0x00007ffc9b5a0000 - 0x00007ffc9b5a8000 	C:\WINDOWS\System32\NSI.dll
0x00007ffc8ae90000 - 0x00007ffc8ae9a000 	C:\Windows\System32\rasadhlp.dll
0x00007ffc8af60000 - 0x00007ffc8afdf000 	C:\WINDOWS\System32\fwpuclnt.dll
0x00007ffc9a1e0000 - 0x00007ffc9a207000 	C:\WINDOWS\System32\bcrypt.dll
0x00007ffc99ec0000 - 0x00007ffc99ed8000 	C:\WINDOWS\SYSTEM32\CRYPTSP.dll
0x00007ffc98be0000 - 0x00007ffc98c14000 	C:\WINDOWS\system32\rsaenh.dll
0x00007ffc9a030000 - 0x00007ffc9a05e000 	C:\WINDOWS\SYSTEM32\USERENV.dll
0x00007ffc99410000 - 0x00007ffc9941c000 	C:\WINDOWS\SYSTEM32\CRYPTBASE.dll
0x00007ffc8bc40000 - 0x00007ffc8bc57000 	C:\WINDOWS\SYSTEM32\dhcpcsvc6.DLL
0x00007ffc8c410000 - 0x00007ffc8c42d000 	C:\WINDOWS\SYSTEM32\dhcpcsvc.DLL
0x00007ffc94fc0000 - 0x00007ffc94fd0000 	C:\Program Files\Java\jdk-16.0.1\bin\verify.dll
0x00007ffc923f0000 - 0x00007ffc923fe000 	C:\Program Files\Java\jdk-16.0.1\bin\sunmscapi.dll
0x00007ffc9a620000 - 0x00007ffc9a77f000 	C:\WINDOWS\System32\CRYPT32.dll
0x00007ffc99520000 - 0x00007ffc99547000 	C:\WINDOWS\SYSTEM32\ncrypt.dll
0x00007ffc994e0000 - 0x00007ffc9951b000 	C:\WINDOWS\SYSTEM32\NTASN1.dll
0x00007ffc84fc0000 - 0x00007ffc84fd7000 	C:\WINDOWS\system32\napinsp.dll
0x00007ffc84fa0000 - 0x00007ffc84fbb000 	C:\WINDOWS\system32\pnrpnsp.dll
0x00007ffc84fe0000 - 0x00007ffc84ff5000 	C:\WINDOWS\system32\wshbth.dll
0x00007ffc93190000 - 0x00007ffc931ad000 	C:\WINDOWS\system32\NLAapi.dll
0x00007ffc85000000 - 0x00007ffc85012000 	C:\WINDOWS\System32\winrnr.dll

dbghelp: loaded successfully - version: 4.0.5 - missing functions: none
symbol engine: initialized successfully - sym options: 0x614 - pdb path: .;C:\Program Files\Java\jdk-16.0.1\bin;C:\WINDOWS\SYSTEM32;C:\WINDOWS\WinSxS\amd64_microsoft.windows.common-controls_6595b64144ccf1df_6.0.19041.844_none_ca00b6081b84eb1d;C:\Program Files\Java\jdk-16.0.1\bin\server

VM Arguments:
jvm_args: -ea -Dfile.encoding=Cp1252 -XX:+ShowCodeDetailsInExceptionMessages 
java_command: org.testng.remote.RemoteTestNG -serport 54905 -protocol json -d C:\Users\ABHINANDAN\eclipse-workspace\CS_Automation\SeleniumCSAutomation\test-output C:\Users\ABHINANDAN\eclipse-workspace\CS_Automation\SeleniumCSAutomation\src\test\resources\testrunners\testNG_SupplyPage.xml
java_class_path (initial): C:\Users\ABHINANDAN\eclipse\java-2021-03\eclipse\configuration\org.eclipse.osgi\446\0\.cp\lib\testng-remote.jar;C:\Users\ABHINANDAN\eclipse-workspace\CS_Automation\SeleniumCSAutomation\target\test-classes;C:\Users\ABHINANDAN\eclipse-workspace\CS_Automation\SeleniumCSAutomation\target\classes;C:\Users\ABHINANDAN\.m2\repository\org\seleniumhq\selenium\selenium-java\3.141.59\selenium-java-3.141.59.jar;C:\Users\ABHINANDAN\.m2\repository\org\seleniumhq\selenium\selenium-api\3.141.59\selenium-api-3.141.59.jar;C:\Users\ABHINANDAN\.m2\repository\org\seleniumhq\selenium\selenium-chrome-driver\3.141.59\selenium-chrome-driver-3.141.59.jar;C:\Users\ABHINANDAN\.m2\repository\org\seleniumhq\selenium\selenium-edge-driver\3.141.59\selenium-edge-driver-3.141.59.jar;C:\Users\ABHINANDAN\.m2\repository\org\seleniumhq\selenium\selenium-firefox-driver\3.141.59\selenium-firefox-driver-3.141.59.jar;C:\Users\ABHINANDAN\.m2\repository\org\seleniumhq\selenium\selenium-ie-driver\3.141.59\selenium-ie-driver-3.141.59.jar;C:\Users\ABHINANDAN\.m2\repository\org\seleniumhq\selenium\selenium-opera-driver\3.141.59\selenium-opera-driver-3.141.59.jar;C:\Users\ABHINANDAN\.m2\repository\org\seleniumhq\selenium\selenium-remote-driver\3.141.59\selenium-remote-driver-3.141.59.jar;C:\Users\ABHINANDAN\.m2\repository\org\seleniumhq\selenium\selenium-safari-driver\3.141.59\selenium-safari-driver-3.141.59.jar;C:\Users\ABHINANDAN\.m2\repository\org\seleniumhq\selenium\selenium-support\3.141.59\selenium-support-3.141.59.jar;C:\Users\ABHINANDAN\.m2\repository\net\bytebuddy\byte-buddy\1.8.15\byte-buddy-1.8.15.jar;C:\Users\ABHINANDAN\.m2\repository\org\apache\commons\commons-exec\1.3\commons-exec-1.3.jar;C:\Users\ABHINANDAN\.m2\repository\com\google\guava\guava\25.0-jre\guava-25.0-jre.jar;C:\Users\ABHINANDAN\.m2\repository\com\google\code\findbugs\jsr305\1.3.9\jsr305-1.3.9.jar;C:\Users\ABHINANDAN\.m2\repository\org\checkerframework\checker-compat-qual\2.0.0\checker-compat-qual-2.0.0.jar;C
Launcher Type: SUN_STANDARD

[Global flags]
     intx CICompilerCount                          = 3                                         {product} {ergonomic}
     uint ConcGCThreads                            = 1                                         {product} {ergonomic}
     uint G1ConcRefinementThreads                  = 4                                         {product} {ergonomic}
   size_t G1HeapRegionSize                         = 1048576                                   {product} {ergonomic}
    uintx GCDrainStackTargetSize                   = 64                                        {product} {ergonomic}
   size_t InitialHeapSize                          = 67108864                                  {product} {ergonomic}
   size_t MarkStackSize                            = 4194304                                   {product} {ergonomic}
   size_t MaxHeapSize                              = 1061158912                                {product} {ergonomic}
   size_t MaxNewSize                               = 636485632                                 {product} {ergonomic}
   size_t MinHeapDeltaBytes                        = 1048576                                   {product} {ergonomic}
   size_t MinHeapSize                              = 8388608                                   {product} {ergonomic}
    uintx NonNMethodCodeHeapSize                   = 5832780                                {pd product} {ergonomic}
    uintx NonProfiledCodeHeapSize                  = 122912730                              {pd product} {ergonomic}
    uintx ProfiledCodeHeapSize                     = 122912730                              {pd product} {ergonomic}
    uintx ReservedCodeCacheSize                    = 251658240                              {pd product} {ergonomic}
     bool SegmentedCodeCache                       = true                                      {product} {ergonomic}
     bool ShowCodeDetailsInExceptionMessages       = true                                   {manageable} {command line}
   size_t SoftMaxHeapSize                          = 1061158912                             {manageable} {ergonomic}
     bool UseCompressedClassPointers               = true                           {product lp64_product} {ergonomic}
     bool UseCompressedOops                        = true                           {product lp64_product} {ergonomic}
     bool UseG1GC                                  = true                                      {product} {ergonomic}
     bool UseLargePagesIndividualAllocation        = false                                  {pd product} {ergonomic}

Logging:
Log output configuration:
 #0: stdout all=warning uptime,level,tags
 #1: stderr all=off uptime,level,tags

Environment Variables:
JAVA_HOME=C:\Program Files\Java\jdk-16.0.1
PATH=C:\Program Files\Common Files\Oracle\Java\javapath;C:\WINDOWS\system32;C:\WINDOWS;C:\WINDOWS\System32\Wbem;C:\WINDOWS\System32\WindowsPowerShell\v1.0\;C:\WINDOWS\System32\OpenSSH\;C:\Program Files (x86)\ATI Technologies\ATI.ACE\Core-Static;C:\Program Files\Java\jdk-16.0.1\bin;C:\Users\ABHINANDAN\AppData\Local\Microsoft\WindowsApps;
USERNAME=ABHINANDAN
OS=Windows_NT
PROCESSOR_IDENTIFIER=Intel64 Family 6 Model 42 Stepping 7, GenuineIntel



---------------  S Y S T E M  ---------------

OS:
 Windows 10 , 64 bit Build 19041 (10.0.19041.928)
OS uptime: 5 days 7:29 hours

CPU: total 4 (initial active 4) (2 cores per cpu, 2 threads per core) family 6 model 42 stepping 7 microcode 0x2f, cx8, cmov, fxsr, ht, mmx, sse, sse2, sse3, ssse3, sse4.1, sse4.2, popcnt, tsc, tscinvbit, avx, aes, clmul, vzeroupper, clflush

Memory: 4k page, system-wide physical 4043M (466M free)
TotalPageFile size 7499M (AvailPageFile size 1372M)
current process WorkingSet (physical memory assigned to process): 107M, peak: 107M
current process commit charge ("private bytes"): 163M, peak: 167M

vm_info: Java HotSpot(TM) 64-Bit Server VM (16.0.1+9-24) for windows-amd64 JRE (16.0.1+9-24), built on Mar 26 2021 19:31:42 by "mach5one" with MS VC++ 16.7 (VS2019)

END.
